<?xml version="1.0" encoding="UTF-8"?>
<!-- Generated by org.testng.reporters.JUnitReportReporter -->
<testsuite skipped="0" hostname="03RNBC-GVSTKP2" name="testNgGroups.ClassA" tests="1" failures="0" timestamp="24 May 2019 12:35:32 GMT" time="0.007" errors="0">
  <testcase name="A" time="0.007" classname="testNgGroups.ClassA"/>
</testsuite> <!-- testNgGroups.ClassA -->
