<?xml version="1.0" encoding="UTF-8"?>
<!-- Generated by org.testng.reporters.JUnitReportReporter -->
<testsuite skipped="0" hostname="03RNBC-GVSTKP2" name="testNgDay4.parameterizationIntestNg" tests="1" failures="0" timestamp="27 May 2019 07:02:34 GMT" time="0.008" errors="0">
  <testcase name="TestCaseMobiletestcases" time="0.008" classname="testNgDay4.parameterizationIntestNg"/>
</testsuite> <!-- testNgDay4.parameterizationIntestNg -->
