<?xml version="1.0" encoding="UTF-8"?>
<!-- Generated by org.testng.reporters.JUnitReportReporter -->
<testsuite skipped="0" hostname="03RNBC-GVSTKP2" name="testNgDay4.helpAnnotationsinTestNg" tests="1" failures="0" timestamp="30 May 2019 04:38:36 GMT" time="0.021" errors="0">
  <testcase name="testCaseSix" time="0.021" classname="testNgDay4.helpAnnotationsinTestNg"/>
</testsuite> <!-- testNgDay4.helpAnnotationsinTestNg -->
