<?xml version="1.0" encoding="UTF-8"?>
<!-- Generated by org.testng.reporters.JUnitReportReporter -->
<testsuite skipped="0" hostname="03RNBC-GVSTKP2" name="testNgB.Day4TestNgAnnotationsPartOne" tests="5" failures="0" timestamp="24 May 2019 08:29:01 GMT" time="0.005" errors="0">
  <testcase name="Test4" time="0.001" classname="testNgB.Day4TestNgAnnotationsPartOne"/>
  <testcase name="Test2" time="0.001" classname="testNgB.Day4TestNgAnnotationsPartOne"/>
  <testcase name="Test3" time="0.001" classname="testNgB.Day4TestNgAnnotationsPartOne"/>
  <testcase name="Test5" time="0.001" classname="testNgB.Day4TestNgAnnotationsPartOne"/>
  <testcase name="Test1" time="0.001" classname="testNgB.Day4TestNgAnnotationsPartOne"/>
</testsuite> <!-- testNgB.Day4TestNgAnnotationsPartOne -->
