<?xml version="1.0" encoding="UTF-8"?>
<!-- Generated by org.testng.reporters.JUnitReportReporter -->
<testsuite skipped="0" hostname="03RNBC-GVSTKP2" name="testNgtutorial.DayOneWhytestNgAndItsAdvantages" tests="2" failures="0" timestamp="24 May 2019 08:29:01 GMT" time="0.005" errors="0">
  <testcase name="Demo" time="0.004" classname="testNgtutorial.DayOneWhytestNgAndItsAdvantages"/>
  <testcase name="Demo2" time="0.001" classname="testNgtutorial.DayOneWhytestNgAndItsAdvantages"/>
</testsuite> <!-- testNgtutorial.DayOneWhytestNgAndItsAdvantages -->
