<?xml version="1.0" encoding="UTF-8"?>
<!-- Generated by org.testng.reporters.JUnitReportReporter -->
<testsuite skipped="0" hostname="03RNBC-GVSTKP2" name="testNgDay4.DataProviderAnnotatiosnPartOne" tests="3" failures="0" timestamp="30 May 2019 04:35:00 GMT" time="0.007" errors="0">
  <testcase name="TestOne" time="0.006" classname="testNgDay4.DataProviderAnnotatiosnPartOne"/>
  <testcase name="TestOne" time="0.000" classname="testNgDay4.DataProviderAnnotatiosnPartOne"/>
  <testcase name="TestOne" time="0.001" classname="testNgDay4.DataProviderAnnotatiosnPartOne"/>
</testsuite> <!-- testNgDay4.DataProviderAnnotatiosnPartOne -->
