<?xml version="1.0" encoding="UTF-8"?>
<!-- Generated by org.testng.reporters.JUnitReportReporter -->
<testsuite skipped="0" hostname="03RNBC-GVSTKP2" name="testNgtutorial.Day3PrioritizingThetestcasesWithTestNg" tests="1" failures="0" timestamp="27 May 2019 07:07:01 GMT" time="0.007" errors="0">
  <testcase name="carLoanMobileLogin" time="0.007" classname="testNgtutorial.Day3PrioritizingThetestcasesWithTestNg"/>
</testsuite> <!-- testNgtutorial.Day3PrioritizingThetestcasesWithTestNg -->
