<?xml version="1.0" encoding="UTF-8"?>
<!-- Generated by org.testng.reporters.JUnitReportReporter -->
<testsuite skipped="0" hostname="03RNBC-GVSTKP2" name="testNgDay4.helpAnnotationsinTestNg" tests="6" failures="0" timestamp="27 May 2019 06:05:58 GMT" time="0.026" errors="0">
  <testcase name="testCaseOne" time="0.001" classname="testNgDay4.helpAnnotationsinTestNg"/>
  <testcase name="testCaseFive" time="0.001" classname="testNgDay4.helpAnnotationsinTestNg"/>
  <testcase name="testCaseTwo" time="0.001" classname="testNgDay4.helpAnnotationsinTestNg"/>
  <testcase name="testCaseSix" time="0.021" classname="testNgDay4.helpAnnotationsinTestNg"/>
  <testcase name="testCaseFour" time="0.001" classname="testNgDay4.helpAnnotationsinTestNg"/>
  <testcase name="testCaseThree" time="0.001" classname="testNgDay4.helpAnnotationsinTestNg"/>
</testsuite> <!-- testNgDay4.helpAnnotationsinTestNg -->
