<?xml version="1.0" encoding="UTF-8"?>
<!-- Generated by org.testng.reporters.JUnitReportReporter -->
<testsuite skipped="0" hostname="03RNBC-GVSTKP2" name="testNgDay4.parameterizationIntestNg" tests="4" failures="0" timestamp="30 May 2019 05:21:41 GMT" time="37.725" errors="0">
  <testcase name="Testcases2" time="10.408" classname="testNgDay4.parameterizationIntestNg"/>
  <testcase name="Testcases3" time="10.026" classname="testNgDay4.parameterizationIntestNg"/>
  <testcase name="Testcases" time="17.283" classname="testNgDay4.parameterizationIntestNg"/>
  <testcase name="TestCaseMobiletestcases" time="0.008" classname="testNgDay4.parameterizationIntestNg"/>
</testsuite> <!-- testNgDay4.parameterizationIntestNg -->
