<?xml version="1.0" encoding="UTF-8"?>
<!-- Generated by org.testng.reporters.JUnitReportReporter -->
<testsuite skipped="0" hostname="03RNBC-GVSTKP2" name="testNgtutorial.Day4HomeLoan" tests="3" failures="0" timestamp="24 May 2019 08:29:01 GMT" time="0.003" errors="0">
  <testcase name="homeLoanWebLogin" time="0.001" classname="testNgtutorial.Day4HomeLoan"/>
  <testcase name="homeLoanMobileLogin" time="0.001" classname="testNgtutorial.Day4HomeLoan"/>
  <testcase name="homeLoanLoginAPI" time="0.001" classname="testNgtutorial.Day4HomeLoan"/>
</testsuite> <!-- testNgtutorial.Day4HomeLoan -->
