<?xml version="1.0" encoding="UTF-8"?>
<!-- Generated by org.testng.reporters.JUnitReportReporter -->
<testsuite skipped="0" hostname="03RNBC-GVSTKP2" name="testNgtutorial.Day2TestNg" tests="1" failures="0" timestamp="24 May 2019 08:29:01 GMT" time="0.001" errors="0">
  <testcase name="Demo3" time="0.001" classname="testNgtutorial.Day2TestNg"/>
</testsuite> <!-- testNgtutorial.Day2TestNg -->
