<?xml version="1.0" encoding="UTF-8"?>
<!-- Generated by org.testng.reporters.JUnitReportReporter -->
<testsuite skipped="0" hostname="03RNBC-GVSTKP2" name="testNgDay4.parameterizationInTestNgB" tests="1" failures="0" timestamp="27 May 2019 07:02:34 GMT" time="0.000" errors="0">
  <testcase name="WebTestCases" time="0.000" classname="testNgDay4.parameterizationInTestNgB"/>
</testsuite> <!-- testNgDay4.parameterizationInTestNgB -->
