<?xml version="1.0" encoding="UTF-8"?>
<!-- Generated by org.testng.reporters.JUnitReportReporter -->
<testsuite skipped="0" hostname="03RNBC-GVSTKP2" name="testNgB.RegularExpressionforNameConventionCC" tests="5" failures="0" timestamp="22 May 2019 11:30:25 GMT" time="0.010" errors="0">
  <testcase name="MobileSolutionFour" time="0.001" classname="testNgB.RegularExpressionforNameConventionCC"/>
  <testcase name="MobileSolutionOne" time="0.000" classname="testNgB.RegularExpressionforNameConventionCC"/>
  <testcase name="APITestcases" time="0.007" classname="testNgB.RegularExpressionforNameConventionCC"/>
  <testcase name="MobileSolutionTwo" time="0.001" classname="testNgB.RegularExpressionforNameConventionCC"/>
  <testcase name="MobileSolutionThree" time="0.001" classname="testNgB.RegularExpressionforNameConventionCC"/>
</testsuite> <!-- testNgB.RegularExpressionforNameConventionCC -->
